W&B offline. Running your script from this directory will only write metadata locally. Use wandb disabled to completely turn off W&B.
cn15k process retrival by pcst
id: 37499
question: Question: What is the probability that the fact "rabbit relatedto big" is true?
Only output a number between 0 and 1 without any explanation.
Answer: 
label: 0.959987766
graph: Data(x=[26, 1024], edge_index=[2, 27], edge_attr=[27, 1024], num_nodes=26)
desc: src,edge_attr,dst
rabbit,relatedto,pet
ocean,relatedto,big
continent,relatedto,big
branch,relatedto,big
rabbit,relatedto,small_animal
clock,relatedto,big
crowd,relatedto,big
tree,relatedto,big
bear,relatedto,big
rabbit,relatedto,furry
large,relatedto,big
capital,relatedto,big
big,relatedto,large
squirrel,relatedto,big
city,relatedto,big
rabbit,relatedto,carrots
rabbit,relatedto,big
mountain,relatedto,big
rabbit,relatedto,small
rabbit,relatedto,hare
lake,relatedto,big
cathedral,relatedto,big
horse,relatedto,big
rabbit,relatedto,long
rabbit,relatedto,fluffy
rabbit,relatedto,tail
hare,relatedto,rabbit

# train: 41712
# val: 3430
# test: 3935
nl27k preprocess
Loading dataset...
inherit model weights from sentence-transformers/all-roberta-large-v1
Encoding questions...
ppi5k preprocess
Loading dataset...
inherit model weights from sentence-transformers/all-roberta-large-v1
Encoding questions...
