W&B offline. Running your script from this directory will only write metadata locally. Use wandb disabled to completely turn off W&B.
nl27k process retrival by pcst
id: 11157
question: Question: What is the probability that the fact "sony002 superpartof mgm_mirage" is true?
Only output a number between 0 and 1 without any explanation.
Answer: 
label: 0.9999999898
graph: Data(x=[3, 1024], edge_index=[2, 2], edge_attr=[2, 1024], num_nodes=3)
desc: src,edge_attr,dst
sony002,companyalsoknownas,sony
sony002,superpartof,mgm_mirage

# train: 94987
# val: 8143
# test: 9191
ppi5k process retrival by pcst
id: 15771
question: Question: What is the probability that the fact "882_dvu1936 binding 882_dvu0120" is true?
Only output a number between 0 and 1 without any explanation.
Answer: 
label: 0.912
graph: Data(x=[5, 1024], edge_index=[2, 14], edge_attr=[14, 1024], num_nodes=5)
desc: src,edge_attr,dst
882_dvu1936,binding,882_dvu1935
882_dvu1934,binding,882_dvu0120
882_dvu1936,binding,882_dvu1934
882_dvu0120,binding,882_dvu1936
882_dvu1935,binding,882_dvu1936
882_dvu1936,binding,882_dvu0120
882_dvu1937,binding,882_dvu0120
882_dvu1937,binding,882_dvu1936
882_dvu0120,binding,882_dvu1935
882_dvu0120,binding,882_dvu1934
882_dvu1935,binding,882_dvu0120
882_dvu0120,binding,882_dvu1937
882_dvu1934,binding,882_dvu1936
882_dvu1936,binding,882_dvu1937

# train: 28702
# val: 2326
# test: 2634
